2021-09-07 13:09:18:333  INFO  [org.springframework.boot.StartupInfoLogger.logStarting]:55] 
    > Starting PrologApplication using Java 11.0.11 on seominjeong-ui-MacBookAir.local with PID 11580 (/Users/minjeong/Desktop/woowacourse/prolog/backend/build/classes/java/main started by minjeong in /Users/minjeong/Desktop/woowacourse/prolog/backend)
2021-09-07 13:09:18:335  INFO  [org.springframework.boot.SpringApplication.logStartupProfileInfo]:679] 
    > The following profiles are active: dev
2021-09-07 13:09:18:592  INFO  [org.springframework.data.repository.config.RepositoryConfigurationDelegate.multipleStoresDetected]:250] 
    > Multiple Spring Data modules found, entering strict repository configuration mode!
2021-09-07 13:09:18:593  INFO  [org.springframework.data.repository.config.RepositoryConfigurationDelegate.registerRepositoriesIn]:128] 
    > Bootstrapping Spring Data Elasticsearch repositories in DEFAULT mode.
2021-09-07 13:09:18:597  INFO  [org.springframework.data.repository.config.RepositoryConfigurationDelegate.registerRepositoriesIn]:188] 
    > Finished Spring Data repository scanning in 2 ms. Found 0 Elasticsearch repository interfaces.
2021-09-07 13:09:18:691  INFO  [org.springframework.data.repository.config.RepositoryConfigurationDelegate.multipleStoresDetected]:250] 
    > Multiple Spring Data modules found, entering strict repository configuration mode!
2021-09-07 13:09:18:692  INFO  [org.springframework.data.repository.config.RepositoryConfigurationDelegate.registerRepositoriesIn]:128] 
    > Bootstrapping Spring Data Elasticsearch repositories in DEFAULT mode.
2021-09-07 13:09:18:710  INFO  [org.springframework.data.repository.config.RepositoryConfigurationExtensionSupport.isStrictRepositoryCandidate]:349] 
    > Spring Data Elasticsearch - Could not safely identify store assignment for repository candidate interface wooteco.prolog.member.domain.repository.MemberRepository. If you want this repository to be a Elasticsearch repository, consider annotating your entities with one of these annotations: org.springframework.data.elasticsearch.annotations.Document (preferred), or consider extending one of the following types with your repository: org.springframework.data.elasticsearch.repository.ElasticsearchRepository, org.springframework.data.elasticsearch.repository.ElasticsearchRepository.
2021-09-07 13:09:18:716  INFO  [org.springframework.data.repository.config.RepositoryConfigurationExtensionSupport.isStrictRepositoryCandidate]:349] 
    > Spring Data Elasticsearch - Could not safely identify store assignment for repository candidate interface wooteco.prolog.studylog.domain.repository.LevelRepository. If you want this repository to be a Elasticsearch repository, consider annotating your entities with one of these annotations: org.springframework.data.elasticsearch.annotations.Document (preferred), or consider extending one of the following types with your repository: org.springframework.data.elasticsearch.repository.ElasticsearchRepository, org.springframework.data.elasticsearch.repository.ElasticsearchRepository.
2021-09-07 13:09:18:717  INFO  [org.springframework.data.repository.config.RepositoryConfigurationExtensionSupport.isStrictRepositoryCandidate]:349] 
    > Spring Data Elasticsearch - Could not safely identify store assignment for repository candidate interface wooteco.prolog.studylog.domain.repository.MissionRepository. If you want this repository to be a Elasticsearch repository, consider annotating your entities with one of these annotations: org.springframework.data.elasticsearch.annotations.Document (preferred), or consider extending one of the following types with your repository: org.springframework.data.elasticsearch.repository.ElasticsearchRepository, org.springframework.data.elasticsearch.repository.ElasticsearchRepository.
2021-09-07 13:09:18:719  INFO  [org.springframework.data.repository.config.RepositoryConfigurationExtensionSupport.isStrictRepositoryCandidate]:349] 
    > Spring Data Elasticsearch - Could not safely identify store assignment for repository candidate interface wooteco.prolog.studylog.domain.repository.StudylogRepository. If you want this repository to be a Elasticsearch repository, consider annotating your entities with one of these annotations: org.springframework.data.elasticsearch.annotations.Document (preferred), or consider extending one of the following types with your repository: org.springframework.data.elasticsearch.repository.ElasticsearchRepository, org.springframework.data.elasticsearch.repository.ElasticsearchRepository.
2021-09-07 13:09:18:721  INFO  [org.springframework.data.repository.config.RepositoryConfigurationExtensionSupport.isStrictRepositoryCandidate]:349] 
    > Spring Data Elasticsearch - Could not safely identify store assignment for repository candidate interface wooteco.prolog.studylog.domain.repository.StudylogTagRepository. If you want this repository to be a Elasticsearch repository, consider annotating your entities with one of these annotations: org.springframework.data.elasticsearch.annotations.Document (preferred), or consider extending one of the following types with your repository: org.springframework.data.elasticsearch.repository.ElasticsearchRepository, org.springframework.data.elasticsearch.repository.ElasticsearchRepository.
2021-09-07 13:09:18:722  INFO  [org.springframework.data.repository.config.RepositoryConfigurationExtensionSupport.isStrictRepositoryCandidate]:349] 
    > Spring Data Elasticsearch - Could not safely identify store assignment for repository candidate interface wooteco.prolog.studylog.domain.repository.TagRepository. If you want this repository to be a Elasticsearch repository, consider annotating your entities with one of these annotations: org.springframework.data.elasticsearch.annotations.Document (preferred), or consider extending one of the following types with your repository: org.springframework.data.elasticsearch.repository.ElasticsearchRepository, org.springframework.data.elasticsearch.repository.ElasticsearchRepository.
2021-09-07 13:09:18:731  INFO  [org.springframework.data.repository.config.RepositoryConfigurationDelegate.registerRepositoriesIn]:188] 
    > Finished Spring Data repository scanning in 39 ms. Found 1 Elasticsearch repository interfaces.
2021-09-07 13:09:18:734  INFO  [org.springframework.data.repository.config.RepositoryConfigurationDelegate.multipleStoresDetected]:250] 
    > Multiple Spring Data modules found, entering strict repository configuration mode!
2021-09-07 13:09:18:735  INFO  [org.springframework.data.repository.config.RepositoryConfigurationDelegate.registerRepositoriesIn]:128] 
    > Bootstrapping Spring Data Reactive Elasticsearch repositories in DEFAULT mode.
2021-09-07 13:09:18:740  INFO  [org.springframework.data.repository.config.RepositoryConfigurationExtensionSupport.isStrictRepositoryCandidate]:349] 
    > Spring Data Reactive Elasticsearch - Could not safely identify store assignment for repository candidate interface wooteco.prolog.member.domain.repository.MemberRepository. If you want this repository to be a Reactive Elasticsearch repository, consider annotating your entities with one of these annotations: org.springframework.data.elasticsearch.annotations.Document (preferred), or consider extending one of the following types with your repository: org.springframework.data.elasticsearch.repository.ReactiveElasticsearchRepository.
2021-09-07 13:09:18:741  INFO  [org.springframework.data.repository.config.RepositoryConfigurationExtensionSupport.isStrictRepositoryCandidate]:349] 
    > Spring Data Reactive Elasticsearch - Could not safely identify store assignment for repository candidate interface wooteco.prolog.studylog.domain.repository.LevelRepository. If you want this repository to be a Reactive Elasticsearch repository, consider annotating your entities with one of these annotations: org.springframework.data.elasticsearch.annotations.Document (preferred), or consider extending one of the following types with your repository: org.springframework.data.elasticsearch.repository.ReactiveElasticsearchRepository.
2021-09-07 13:09:18:742  INFO  [org.springframework.data.repository.config.RepositoryConfigurationExtensionSupport.isStrictRepositoryCandidate]:349] 
    > Spring Data Reactive Elasticsearch - Could not safely identify store assignment for repository candidate interface wooteco.prolog.studylog.domain.repository.MissionRepository. If you want this repository to be a Reactive Elasticsearch repository, consider annotating your entities with one of these annotations: org.springframework.data.elasticsearch.annotations.Document (preferred), or consider extending one of the following types with your repository: org.springframework.data.elasticsearch.repository.ReactiveElasticsearchRepository.
2021-09-07 13:09:18:742  INFO  [org.springframework.data.repository.config.RepositoryConfigurationExtensionSupport.isStrictRepositoryCandidate]:349] 
    > Spring Data Reactive Elasticsearch - Could not safely identify store assignment for repository candidate interface wooteco.prolog.studylog.domain.repository.StudylogRepository. If you want this repository to be a Reactive Elasticsearch repository, consider annotating your entities with one of these annotations: org.springframework.data.elasticsearch.annotations.Document (preferred), or consider extending one of the following types with your repository: org.springframework.data.elasticsearch.repository.ReactiveElasticsearchRepository.
2021-09-07 13:09:18:742  INFO  [org.springframework.data.repository.config.RepositoryConfigurationExtensionSupport.isStrictRepositoryCandidate]:349] 
    > Spring Data Reactive Elasticsearch - Could not safely identify store assignment for repository candidate interface wooteco.prolog.studylog.domain.repository.StudylogTagRepository. If you want this repository to be a Reactive Elasticsearch repository, consider annotating your entities with one of these annotations: org.springframework.data.elasticsearch.annotations.Document (preferred), or consider extending one of the following types with your repository: org.springframework.data.elasticsearch.repository.ReactiveElasticsearchRepository.
2021-09-07 13:09:18:743  INFO  [org.springframework.data.repository.config.RepositoryConfigurationExtensionSupport.isStrictRepositoryCandidate]:349] 
    > Spring Data Reactive Elasticsearch - Could not safely identify store assignment for repository candidate interface wooteco.prolog.studylog.domain.repository.TagRepository. If you want this repository to be a Reactive Elasticsearch repository, consider annotating your entities with one of these annotations: org.springframework.data.elasticsearch.annotations.Document (preferred), or consider extending one of the following types with your repository: org.springframework.data.elasticsearch.repository.ReactiveElasticsearchRepository.
2021-09-07 13:09:18:743  INFO  [org.springframework.data.repository.config.RepositoryConfigurationDelegate.registerRepositoriesIn]:188] 
    > Finished Spring Data repository scanning in 7 ms. Found 0 Reactive Elasticsearch repository interfaces.
2021-09-07 13:09:18:747  INFO  [org.springframework.data.repository.config.RepositoryConfigurationDelegate.multipleStoresDetected]:250] 
    > Multiple Spring Data modules found, entering strict repository configuration mode!
2021-09-07 13:09:18:747  INFO  [org.springframework.data.repository.config.RepositoryConfigurationDelegate.registerRepositoriesIn]:128] 
    > Bootstrapping Spring Data JPA repositories in DEFAULT mode.
2021-09-07 13:09:18:755  INFO  [org.springframework.data.repository.config.RepositoryConfigurationExtensionSupport.isStrictRepositoryCandidate]:349] 
    > Spring Data JPA - Could not safely identify store assignment for repository candidate interface wooteco.prolog.studyLogDocument.domain.StudyLogDocumentRepository. If you want this repository to be a JPA repository, consider annotating your entities with one of these annotations: javax.persistence.Entity, javax.persistence.MappedSuperclass (preferred), or consider extending one of the following types with your repository: org.springframework.data.jpa.repository.JpaRepository.
2021-09-07 13:09:18:762  INFO  [org.springframework.data.repository.config.RepositoryConfigurationDelegate.registerRepositoriesIn]:188] 
    > Finished Spring Data repository scanning in 12 ms. Found 6 JPA repository interfaces.
2021-09-07 13:09:18:969  INFO  [org.springframework.boot.web.embedded.tomcat.TomcatWebServer.initialize]:108] 
    > Tomcat initialized with port(s): 5000 (http)
2021-09-07 13:09:18:1018 INFO  [org.springframework.boot.web.servlet.context.ServletWebServerApplicationContext.prepareWebApplicationContext]:289] 
    > Root WebApplicationContext: initialization completed in 662 ms
2021-09-07 13:09:19:1571 INFO  [org.springframework.boot.autoconfigure.logging.ConditionEvaluationReportLoggingListener.logMessage]:136] 
    > 

Error starting ApplicationContext. To display the conditions report re-run your application with 'debug' enabled.
2021-09-07 13:19:20:414  INFO  [org.springframework.boot.StartupInfoLogger.logStarting]:55] 
    > Starting PrologApplication using Java 11.0.11 on seominjeong-ui-MacBookAir.local with PID 11962 (/Users/minjeong/Desktop/woowacourse/prolog/backend/build/classes/java/main started by minjeong in /Users/minjeong/Desktop/woowacourse/prolog/backend)
2021-09-07 13:19:20:417  INFO  [org.springframework.boot.SpringApplication.logStartupProfileInfo]:679] 
    > The following profiles are active: dev
2021-09-07 13:19:21:775  INFO  [org.springframework.data.repository.config.RepositoryConfigurationDelegate.multipleStoresDetected]:250] 
    > Multiple Spring Data modules found, entering strict repository configuration mode!
2021-09-07 13:19:21:776  INFO  [org.springframework.data.repository.config.RepositoryConfigurationDelegate.registerRepositoriesIn]:128] 
    > Bootstrapping Spring Data Elasticsearch repositories in DEFAULT mode.
2021-09-07 13:19:21:782  INFO  [org.springframework.data.repository.config.RepositoryConfigurationDelegate.registerRepositoriesIn]:188] 
    > Finished Spring Data repository scanning in 4 ms. Found 0 Elasticsearch repository interfaces.
2021-09-07 13:19:21:892  INFO  [org.springframework.data.repository.config.RepositoryConfigurationDelegate.multipleStoresDetected]:250] 
    > Multiple Spring Data modules found, entering strict repository configuration mode!
2021-09-07 13:19:21:892  INFO  [org.springframework.data.repository.config.RepositoryConfigurationDelegate.registerRepositoriesIn]:128] 
    > Bootstrapping Spring Data Elasticsearch repositories in DEFAULT mode.
2021-09-07 13:19:21:905  INFO  [org.springframework.data.repository.config.RepositoryConfigurationExtensionSupport.isStrictRepositoryCandidate]:349] 
    > Spring Data Elasticsearch - Could not safely identify store assignment for repository candidate interface wooteco.prolog.member.domain.repository.MemberRepository. If you want this repository to be a Elasticsearch repository, consider annotating your entities with one of these annotations: org.springframework.data.elasticsearch.annotations.Document (preferred), or consider extending one of the following types with your repository: org.springframework.data.elasticsearch.repository.ElasticsearchRepository, org.springframework.data.elasticsearch.repository.ElasticsearchRepository.
2021-09-07 13:19:21:910  INFO  [org.springframework.data.repository.config.RepositoryConfigurationExtensionSupport.isStrictRepositoryCandidate]:349] 
    > Spring Data Elasticsearch - Could not safely identify store assignment for repository candidate interface wooteco.prolog.studylog.domain.repository.LevelRepository. If you want this repository to be a Elasticsearch repository, consider annotating your entities with one of these annotations: org.springframework.data.elasticsearch.annotations.Document (preferred), or consider extending one of the following types with your repository: org.springframework.data.elasticsearch.repository.ElasticsearchRepository, org.springframework.data.elasticsearch.repository.ElasticsearchRepository.
2021-09-07 13:19:21:911  INFO  [org.springframework.data.repository.config.RepositoryConfigurationExtensionSupport.isStrictRepositoryCandidate]:349] 
    > Spring Data Elasticsearch - Could not safely identify store assignment for repository candidate interface wooteco.prolog.studylog.domain.repository.MissionRepository. If you want this repository to be a Elasticsearch repository, consider annotating your entities with one of these annotations: org.springframework.data.elasticsearch.annotations.Document (preferred), or consider extending one of the following types with your repository: org.springframework.data.elasticsearch.repository.ElasticsearchRepository, org.springframework.data.elasticsearch.repository.ElasticsearchRepository.
2021-09-07 13:19:21:912  INFO  [org.springframework.data.repository.config.RepositoryConfigurationExtensionSupport.isStrictRepositoryCandidate]:349] 
    > Spring Data Elasticsearch - Could not safely identify store assignment for repository candidate interface wooteco.prolog.studylog.domain.repository.StudylogRepository. If you want this repository to be a Elasticsearch repository, consider annotating your entities with one of these annotations: org.springframework.data.elasticsearch.annotations.Document (preferred), or consider extending one of the following types with your repository: org.springframework.data.elasticsearch.repository.ElasticsearchRepository, org.springframework.data.elasticsearch.repository.ElasticsearchRepository.
2021-09-07 13:19:21:913  INFO  [org.springframework.data.repository.config.RepositoryConfigurationExtensionSupport.isStrictRepositoryCandidate]:349] 
    > Spring Data Elasticsearch - Could not safely identify store assignment for repository candidate interface wooteco.prolog.studylog.domain.repository.StudylogTagRepository. If you want this repository to be a Elasticsearch repository, consider annotating your entities with one of these annotations: org.springframework.data.elasticsearch.annotations.Document (preferred), or consider extending one of the following types with your repository: org.springframework.data.elasticsearch.repository.ElasticsearchRepository, org.springframework.data.elasticsearch.repository.ElasticsearchRepository.
2021-09-07 13:19:21:913  INFO  [org.springframework.data.repository.config.RepositoryConfigurationExtensionSupport.isStrictRepositoryCandidate]:349] 
    > Spring Data Elasticsearch - Could not safely identify store assignment for repository candidate interface wooteco.prolog.studylog.domain.repository.TagRepository. If you want this repository to be a Elasticsearch repository, consider annotating your entities with one of these annotations: org.springframework.data.elasticsearch.annotations.Document (preferred), or consider extending one of the following types with your repository: org.springframework.data.elasticsearch.repository.ElasticsearchRepository, org.springframework.data.elasticsearch.repository.ElasticsearchRepository.
2021-09-07 13:19:21:923  INFO  [org.springframework.data.repository.config.RepositoryConfigurationDelegate.registerRepositoriesIn]:188] 
    > Finished Spring Data repository scanning in 29 ms. Found 1 Elasticsearch repository interfaces.
2021-09-07 13:19:21:924  INFO  [org.springframework.data.repository.config.RepositoryConfigurationDelegate.multipleStoresDetected]:250] 
    > Multiple Spring Data modules found, entering strict repository configuration mode!
2021-09-07 13:19:21:925  INFO  [org.springframework.data.repository.config.RepositoryConfigurationDelegate.registerRepositoriesIn]:128] 
    > Bootstrapping Spring Data Reactive Elasticsearch repositories in DEFAULT mode.
2021-09-07 13:19:21:929  INFO  [org.springframework.data.repository.config.RepositoryConfigurationExtensionSupport.isStrictRepositoryCandidate]:349] 
    > Spring Data Reactive Elasticsearch - Could not safely identify store assignment for repository candidate interface wooteco.prolog.member.domain.repository.MemberRepository. If you want this repository to be a Reactive Elasticsearch repository, consider annotating your entities with one of these annotations: org.springframework.data.elasticsearch.annotations.Document (preferred), or consider extending one of the following types with your repository: org.springframework.data.elasticsearch.repository.ReactiveElasticsearchRepository.
2021-09-07 13:19:21:930  INFO  [org.springframework.data.repository.config.RepositoryConfigurationExtensionSupport.isStrictRepositoryCandidate]:349] 
    > Spring Data Reactive Elasticsearch - Could not safely identify store assignment for repository candidate interface wooteco.prolog.studylog.domain.repository.LevelRepository. If you want this repository to be a Reactive Elasticsearch repository, consider annotating your entities with one of these annotations: org.springframework.data.elasticsearch.annotations.Document (preferred), or consider extending one of the following types with your repository: org.springframework.data.elasticsearch.repository.ReactiveElasticsearchRepository.
2021-09-07 13:19:21:930  INFO  [org.springframework.data.repository.config.RepositoryConfigurationExtensionSupport.isStrictRepositoryCandidate]:349] 
    > Spring Data Reactive Elasticsearch - Could not safely identify store assignment for repository candidate interface wooteco.prolog.studylog.domain.repository.MissionRepository. If you want this repository to be a Reactive Elasticsearch repository, consider annotating your entities with one of these annotations: org.springframework.data.elasticsearch.annotations.Document (preferred), or consider extending one of the following types with your repository: org.springframework.data.elasticsearch.repository.ReactiveElasticsearchRepository.
2021-09-07 13:19:21:931  INFO  [org.springframework.data.repository.config.RepositoryConfigurationExtensionSupport.isStrictRepositoryCandidate]:349] 
    > Spring Data Reactive Elasticsearch - Could not safely identify store assignment for repository candidate interface wooteco.prolog.studylog.domain.repository.StudylogRepository. If you want this repository to be a Reactive Elasticsearch repository, consider annotating your entities with one of these annotations: org.springframework.data.elasticsearch.annotations.Document (preferred), or consider extending one of the following types with your repository: org.springframework.data.elasticsearch.repository.ReactiveElasticsearchRepository.
2021-09-07 13:19:21:931  INFO  [org.springframework.data.repository.config.RepositoryConfigurationExtensionSupport.isStrictRepositoryCandidate]:349] 
    > Spring Data Reactive Elasticsearch - Could not safely identify store assignment for repository candidate interface wooteco.prolog.studylog.domain.repository.StudylogTagRepository. If you want this repository to be a Reactive Elasticsearch repository, consider annotating your entities with one of these annotations: org.springframework.data.elasticsearch.annotations.Document (preferred), or consider extending one of the following types with your repository: org.springframework.data.elasticsearch.repository.ReactiveElasticsearchRepository.
2021-09-07 13:19:21:931  INFO  [org.springframework.data.repository.config.RepositoryConfigurationExtensionSupport.isStrictRepositoryCandidate]:349] 
    > Spring Data Reactive Elasticsearch - Could not safely identify store assignment for repository candidate interface wooteco.prolog.studylog.domain.repository.TagRepository. If you want this repository to be a Reactive Elasticsearch repository, consider annotating your entities with one of these annotations: org.springframework.data.elasticsearch.annotations.Document (preferred), or consider extending one of the following types with your repository: org.springframework.data.elasticsearch.repository.ReactiveElasticsearchRepository.
2021-09-07 13:19:21:931  INFO  [org.springframework.data.repository.config.RepositoryConfigurationDelegate.registerRepositoriesIn]:188] 
    > Finished Spring Data repository scanning in 6 ms. Found 0 Reactive Elasticsearch repository interfaces.
2021-09-07 13:19:21:935  INFO  [org.springframework.data.repository.config.RepositoryConfigurationDelegate.multipleStoresDetected]:250] 
    > Multiple Spring Data modules found, entering strict repository configuration mode!
2021-09-07 13:19:21:935  INFO  [org.springframework.data.repository.config.RepositoryConfigurationDelegate.registerRepositoriesIn]:128] 
    > Bootstrapping Spring Data JPA repositories in DEFAULT mode.
2021-09-07 13:19:21:941  INFO  [org.springframework.data.repository.config.RepositoryConfigurationExtensionSupport.isStrictRepositoryCandidate]:349] 
    > Spring Data JPA - Could not safely identify store assignment for repository candidate interface wooteco.prolog.studyLogDocument.domain.StudyLogDocumentRepository. If you want this repository to be a JPA repository, consider annotating your entities with one of these annotations: javax.persistence.Entity, javax.persistence.MappedSuperclass (preferred), or consider extending one of the following types with your repository: org.springframework.data.jpa.repository.JpaRepository.
2021-09-07 13:19:21:947  INFO  [org.springframework.data.repository.config.RepositoryConfigurationDelegate.registerRepositoriesIn]:188] 
    > Finished Spring Data repository scanning in 11 ms. Found 6 JPA repository interfaces.
2021-09-07 13:19:21:1169 INFO  [org.springframework.boot.web.embedded.tomcat.TomcatWebServer.initialize]:108] 
    > Tomcat initialized with port(s): 5000 (http)
2021-09-07 13:19:21:1213 INFO  [org.springframework.boot.web.servlet.context.ServletWebServerApplicationContext.prepareWebApplicationContext]:289] 
    > Root WebApplicationContext: initialization completed in 773 ms
2021-09-07 13:19:22:1747 INFO  [org.springframework.boot.autoconfigure.logging.ConditionEvaluationReportLoggingListener.logMessage]:136] 
    > 

Error starting ApplicationContext. To display the conditions report re-run your application with 'debug' enabled.
